mode: set
github.com/jaxxiy/newforum/forum_service/docs/docs.go:477.13,479.2 1 0
github.com/jaxxiy/newforum/forum_service/cmd/main.go:31.53,32.71 1 0
github.com/jaxxiy/newforum/forum_service/cmd/main.go:32.71,38.28 5 0
github.com/jaxxiy/newforum/forum_service/cmd/main.go:38.28,41.4 2 0
github.com/jaxxiy/newforum/forum_service/cmd/main.go:43.3,43.23 1 0
github.com/jaxxiy/newforum/forum_service/cmd/main.go:47.13,49.17 2 0
github.com/jaxxiy/newforum/forum_service/cmd/main.go:49.17,51.3 1 0
github.com/jaxxiy/newforum/forum_service/cmd/main.go:53.2,54.16 2 0
github.com/jaxxiy/newforum/forum_service/cmd/main.go:54.16,56.3 1 0
github.com/jaxxiy/newforum/forum_service/cmd/main.go:57.2,59.34 2 0
github.com/jaxxiy/newforum/forum_service/cmd/main.go:59.34,61.3 1 0
github.com/jaxxiy/newforum/forum_service/cmd/main.go:63.2,72.20 6 0
github.com/jaxxiy/newforum/forum_service/cmd/main.go:72.20,74.3 1 0
github.com/jaxxiy/newforum/forum_service/cmd/main.go:76.2,81.12 2 0
github.com/jaxxiy/newforum/forum_service/cmd/main.go:81.12,83.84 2 0
github.com/jaxxiy/newforum/forum_service/cmd/main.go:83.84,85.4 1 0
github.com/jaxxiy/newforum/forum_service/cmd/main.go:88.2,97.49 7 0
github.com/jaxxiy/newforum/forum_service/cmd/main.go:97.49,99.3 1 0
github.com/jaxxiy/newforum/forum_service/cmd/main.go:101.2,101.42 1 0
github.com/jaxxiy/newforum/forum_service/internal/grpc/client.go:19.57,29.16 5 0
github.com/jaxxiy/newforum/forum_service/internal/grpc/client.go:29.16,31.3 1 0
github.com/jaxxiy/newforum/forum_service/internal/grpc/client.go:33.2,37.8 2 0
github.com/jaxxiy/newforum/forum_service/internal/grpc/client.go:40.32,41.19 1 0
github.com/jaxxiy/newforum/forum_service/internal/grpc/client.go:41.19,43.3 1 0
github.com/jaxxiy/newforum/forum_service/internal/grpc/client.go:44.2,44.12 1 0
github.com/jaxxiy/newforum/forum_service/internal/grpc/client.go:47.89,48.21 1 0
github.com/jaxxiy/newforum/forum_service/internal/grpc/client.go:48.21,50.3 1 0
github.com/jaxxiy/newforum/forum_service/internal/grpc/client.go:52.2,57.16 3 0
github.com/jaxxiy/newforum/forum_service/internal/grpc/client.go:57.16,60.3 2 0
github.com/jaxxiy/newforum/forum_service/internal/grpc/client.go:61.2,61.18 1 0
github.com/jaxxiy/newforum/forum_service/internal/grpc/client.go:64.94,65.21 1 0
github.com/jaxxiy/newforum/forum_service/internal/grpc/client.go:65.21,67.3 1 0
github.com/jaxxiy/newforum/forum_service/internal/grpc/client.go:69.2,69.17 1 0
github.com/jaxxiy/newforum/forum_service/internal/grpc/client.go:69.17,71.3 1 0
github.com/jaxxiy/newforum/forum_service/internal/grpc/client.go:73.2,80.16 4 0
github.com/jaxxiy/newforum/forum_service/internal/grpc/client.go:80.16,83.3 2 0
github.com/jaxxiy/newforum/forum_service/internal/grpc/client.go:84.2,84.18 1 0
github.com/jaxxiy/newforum/forum_service/internal/app/server.go:30.26,36.16 4 0
github.com/jaxxiy/newforum/forum_service/internal/app/server.go:36.16,38.3 1 0
github.com/jaxxiy/newforum/forum_service/internal/app/server.go:51.2,51.16 1 0
github.com/jaxxiy/newforum/forum_service/internal/app/server.go:51.16,53.3 1 0
github.com/jaxxiy/newforum/forum_service/internal/app/server.go:60.2,76.3 6 0
github.com/jaxxiy/newforum/forum_service/internal/app/server.go:79.30,84.12 4 0
github.com/jaxxiy/newforum/forum_service/internal/app/server.go:84.12,86.86 2 0
github.com/jaxxiy/newforum/forum_service/internal/app/server.go:86.86,88.4 1 0
github.com/jaxxiy/newforum/forum_service/internal/app/server.go:91.2,93.68 3 0
github.com/jaxxiy/newforum/forum_service/internal/app/server.go:93.68,95.3 1 0
github.com/jaxxiy/newforum/forum_service/internal/app/server.go:96.2,97.12 2 0
github.com/jaxxiy/newforum/forum_service/internal/mocks/auth_service.go:15.44,19.2 1 0
github.com/jaxxiy/newforum/forum_service/internal/mocks/auth_service.go:21.94,22.31 1 0
github.com/jaxxiy/newforum/forum_service/internal/mocks/auth_service.go:22.31,23.36 1 0
github.com/jaxxiy/newforum/forum_service/internal/mocks/auth_service.go:23.36,25.4 1 0
github.com/jaxxiy/newforum/forum_service/internal/mocks/auth_service.go:26.3,26.30 1 0
github.com/jaxxiy/newforum/forum_service/internal/mocks/auth_service.go:26.30,28.4 1 0
github.com/jaxxiy/newforum/forum_service/internal/mocks/auth_service.go:31.2,46.8 3 0
github.com/jaxxiy/newforum/forum_service/internal/mocks/auth_service.go:49.88,50.31 1 0
github.com/jaxxiy/newforum/forum_service/internal/mocks/auth_service.go:50.31,51.36 1 0
github.com/jaxxiy/newforum/forum_service/internal/mocks/auth_service.go:51.36,52.47 1 0
github.com/jaxxiy/newforum/forum_service/internal/mocks/auth_service.go:52.47,57.5 1 0
github.com/jaxxiy/newforum/forum_service/internal/mocks/auth_service.go:58.4,58.58 1 0
github.com/jaxxiy/newforum/forum_service/internal/mocks/auth_service.go:61.2,61.56 1 0
github.com/jaxxiy/newforum/forum_service/internal/mocks/auth_service.go:64.77,65.52 1 0
github.com/jaxxiy/newforum/forum_service/internal/mocks/auth_service.go:65.52,67.32 2 0
github.com/jaxxiy/newforum/forum_service/internal/mocks/auth_service.go:67.32,68.33 1 0
github.com/jaxxiy/newforum/forum_service/internal/mocks/auth_service.go:68.33,70.5 1 0
github.com/jaxxiy/newforum/forum_service/internal/mocks/auth_service.go:73.2,73.41 1 0
github.com/jaxxiy/newforum/forum_service/internal/mocks/auth_service.go:76.99,78.2 1 0
github.com/jaxxiy/newforum/forum_service/internal/mocks/auth_service.go:80.58,82.2 1 0
github.com/jaxxiy/newforum/forum_service/internal/mocks/client.go:16.105,19.24 2 0
github.com/jaxxiy/newforum/forum_service/internal/mocks/client.go:19.24,20.39 1 0
github.com/jaxxiy/newforum/forum_service/internal/mocks/client.go:20.39,21.42 1 0
github.com/jaxxiy/newforum/forum_service/internal/mocks/client.go:21.42,23.5 1 0
github.com/jaxxiy/newforum/forum_service/internal/mocks/client.go:24.4,24.57 1 0
github.com/jaxxiy/newforum/forum_service/internal/mocks/client.go:26.3,26.62 1 0
github.com/jaxxiy/newforum/forum_service/internal/mocks/client.go:29.2,29.55 1 0
github.com/jaxxiy/newforum/forum_service/internal/mocks/client.go:29.55,31.3 1 0
github.com/jaxxiy/newforum/forum_service/internal/mocks/client.go:32.2,32.67 1 0
github.com/jaxxiy/newforum/forum_service/internal/mocks/client.go:35.80,44.2 1 0
github.com/jaxxiy/newforum/forum_service/internal/mocks/client.go:46.84,51.2 1 0
github.com/jaxxiy/newforum/forum_service/internal/mocks/forum_repository.go:13.59,15.24 2 0
github.com/jaxxiy/newforum/forum_service/internal/mocks/forum_repository.go:15.24,17.3 1 0
github.com/jaxxiy/newforum/forum_service/internal/mocks/forum_repository.go:18.2,18.52 1 0
github.com/jaxxiy/newforum/forum_service/internal/mocks/forum_repository.go:21.65,23.24 2 0
github.com/jaxxiy/newforum/forum_service/internal/mocks/forum_repository.go:23.24,25.3 1 0
github.com/jaxxiy/newforum/forum_service/internal/mocks/forum_repository.go:26.2,26.51 1 0
github.com/jaxxiy/newforum/forum_service/internal/mocks/forum_repository.go:29.66,32.2 2 0
github.com/jaxxiy/newforum/forum_service/internal/mocks/forum_repository.go:34.67,37.2 2 0
github.com/jaxxiy/newforum/forum_service/internal/mocks/forum_repository.go:39.47,42.2 2 0
github.com/jaxxiy/newforum/forum_service/internal/mocks/forum_repository.go:44.77,46.24 2 0
github.com/jaxxiy/newforum/forum_service/internal/mocks/forum_repository.go:46.24,48.3 1 0
github.com/jaxxiy/newforum/forum_service/internal/mocks/forum_repository.go:49.2,49.54 1 0
github.com/jaxxiy/newforum/forum_service/internal/mocks/forum_repository.go:52.73,55.2 2 0
github.com/jaxxiy/newforum/forum_service/internal/mocks/forum_repository.go:57.74,59.24 2 0
github.com/jaxxiy/newforum/forum_service/internal/mocks/forum_repository.go:59.24,61.3 1 0
github.com/jaxxiy/newforum/forum_service/internal/mocks/forum_repository.go:62.2,62.53 1 0
github.com/jaxxiy/newforum/forum_service/internal/mocks/forum_repository.go:65.86,67.24 2 0
github.com/jaxxiy/newforum/forum_service/internal/mocks/forum_repository.go:67.24,69.3 1 0
github.com/jaxxiy/newforum/forum_service/internal/mocks/forum_repository.go:70.2,70.53 1 0
github.com/jaxxiy/newforum/forum_service/internal/mocks/forum_repository.go:73.54,76.2 2 0
github.com/jaxxiy/newforum/forum_service/internal/mocks/forum_repository.go:78.85,81.2 2 0
github.com/jaxxiy/newforum/forum_service/internal/mocks/forum_repository.go:83.90,85.24 2 0
github.com/jaxxiy/newforum/forum_service/internal/mocks/forum_repository.go:85.24,87.3 1 0
github.com/jaxxiy/newforum/forum_service/internal/mocks/forum_repository.go:88.2,88.60 1 0
github.com/jaxxiy/newforum/forum_service/internal/mocks/forum_repository.go:91.68,94.2 2 0
github.com/jaxxiy/newforum/forum_service/internal/mocks/server.go:15.146,18.2 2 0
github.com/jaxxiy/newforum/forum_service/internal/grpc/client.go:19.57,29.16 5 1
github.com/jaxxiy/newforum/forum_service/internal/grpc/client.go:29.16,31.3 1 0
github.com/jaxxiy/newforum/forum_service/internal/grpc/client.go:33.2,37.8 2 1
github.com/jaxxiy/newforum/forum_service/internal/grpc/client.go:40.32,41.19 1 0
github.com/jaxxiy/newforum/forum_service/internal/grpc/client.go:41.19,43.3 1 0
github.com/jaxxiy/newforum/forum_service/internal/grpc/client.go:44.2,44.12 1 0
github.com/jaxxiy/newforum/forum_service/internal/grpc/client.go:47.89,48.21 1 0
github.com/jaxxiy/newforum/forum_service/internal/grpc/client.go:48.21,50.3 1 0
github.com/jaxxiy/newforum/forum_service/internal/grpc/client.go:52.2,57.16 3 0
github.com/jaxxiy/newforum/forum_service/internal/grpc/client.go:57.16,60.3 2 0
github.com/jaxxiy/newforum/forum_service/internal/grpc/client.go:61.2,61.18 1 0
github.com/jaxxiy/newforum/forum_service/internal/grpc/client.go:64.94,65.21 1 1
github.com/jaxxiy/newforum/forum_service/internal/grpc/client.go:65.21,67.3 1 0
github.com/jaxxiy/newforum/forum_service/internal/grpc/client.go:69.2,69.17 1 1
github.com/jaxxiy/newforum/forum_service/internal/grpc/client.go:69.17,71.3 1 0
github.com/jaxxiy/newforum/forum_service/internal/grpc/client.go:73.2,80.16 4 1
github.com/jaxxiy/newforum/forum_service/internal/grpc/client.go:80.16,83.3 2 1
github.com/jaxxiy/newforum/forum_service/internal/grpc/client.go:84.2,84.18 1 1
github.com/jaxxiy/newforum/forum_service/internal/handlers/forum.go:27.43,29.4 1 1
github.com/jaxxiy/newforum/forum_service/internal/handlers/forum.go:40.43,42.4 1 1
github.com/jaxxiy/newforum/forum_service/internal/handlers/forum.go:50.13,53.16 3 1
github.com/jaxxiy/newforum/forum_service/internal/handlers/forum.go:53.16,55.3 1 0
github.com/jaxxiy/newforum/forum_service/internal/handlers/forum.go:74.77,76.74 1 0
github.com/jaxxiy/newforum/forum_service/internal/handlers/forum.go:76.74,78.3 1 0
github.com/jaxxiy/newforum/forum_service/internal/handlers/forum.go:80.2,80.85 1 0
github.com/jaxxiy/newforum/forum_service/internal/handlers/forum.go:80.85,82.3 1 0
github.com/jaxxiy/newforum/forum_service/internal/handlers/forum.go:83.2,104.90 16 0
github.com/jaxxiy/newforum/forum_service/internal/handlers/forum.go:108.56,110.2 1 1
github.com/jaxxiy/newforum/forum_service/internal/handlers/forum.go:112.59,114.2 1 1
github.com/jaxxiy/newforum/forum_service/internal/handlers/forum.go:116.61,119.16 3 1
github.com/jaxxiy/newforum/forum_service/internal/handlers/forum.go:119.16,122.3 2 0
github.com/jaxxiy/newforum/forum_service/internal/handlers/forum.go:124.2,125.16 2 1
github.com/jaxxiy/newforum/forum_service/internal/handlers/forum.go:125.16,128.3 2 0
github.com/jaxxiy/newforum/forum_service/internal/handlers/forum.go:129.2,129.15 1 1
github.com/jaxxiy/newforum/forum_service/internal/handlers/forum.go:129.15,132.3 2 1
github.com/jaxxiy/newforum/forum_service/internal/handlers/forum.go:134.2,136.41 2 1
github.com/jaxxiy/newforum/forum_service/internal/handlers/forum.go:136.41,139.3 2 0
github.com/jaxxiy/newforum/forum_service/internal/handlers/forum.go:141.2,141.6 1 1
github.com/jaxxiy/newforum/forum_service/internal/handlers/forum.go:141.6,143.17 2 1
github.com/jaxxiy/newforum/forum_service/internal/handlers/forum.go:143.17,144.71 1 1
github.com/jaxxiy/newforum/forum_service/internal/handlers/forum.go:144.71,146.5 1 1
github.com/jaxxiy/newforum/forum_service/internal/handlers/forum.go:147.4,147.9 1 1
github.com/jaxxiy/newforum/forum_service/internal/handlers/forum.go:152.55,156.39 3 1
github.com/jaxxiy/newforum/forum_service/internal/handlers/forum.go:156.39,157.27 1 1
github.com/jaxxiy/newforum/forum_service/internal/handlers/forum.go:157.27,158.50 1 1
github.com/jaxxiy/newforum/forum_service/internal/handlers/forum.go:158.50,161.5 2 0
github.com/jaxxiy/newforum/forum_service/internal/handlers/forum.go:166.64,170.39 3 0
github.com/jaxxiy/newforum/forum_service/internal/handlers/forum.go:170.39,174.3 3 0
github.com/jaxxiy/newforum/forum_service/internal/handlers/forum.go:177.56,181.29 3 1
github.com/jaxxiy/newforum/forum_service/internal/handlers/forum.go:181.29,183.3 1 1
github.com/jaxxiy/newforum/forum_service/internal/handlers/forum.go:184.2,185.82 2 1
github.com/jaxxiy/newforum/forum_service/internal/handlers/forum.go:188.58,192.29 3 1
github.com/jaxxiy/newforum/forum_service/internal/handlers/forum.go:192.29,194.3 1 1
github.com/jaxxiy/newforum/forum_service/internal/handlers/forum.go:197.69,198.54 1 1
github.com/jaxxiy/newforum/forum_service/internal/handlers/forum.go:198.54,203.17 4 1
github.com/jaxxiy/newforum/forum_service/internal/handlers/forum.go:203.17,206.4 2 1
github.com/jaxxiy/newforum/forum_service/internal/handlers/forum.go:208.3,208.74 1 1
github.com/jaxxiy/newforum/forum_service/internal/handlers/forum.go:208.74,211.4 2 1
github.com/jaxxiy/newforum/forum_service/internal/handlers/forum.go:213.3,217.62 2 1
github.com/jaxxiy/newforum/forum_service/internal/handlers/forum.go:217.62,220.4 2 1
github.com/jaxxiy/newforum/forum_service/internal/handlers/forum.go:222.3,222.82 1 1
github.com/jaxxiy/newforum/forum_service/internal/handlers/forum.go:222.82,225.4 2 1
github.com/jaxxiy/newforum/forum_service/internal/handlers/forum.go:227.3,229.23 3 1
github.com/jaxxiy/newforum/forum_service/internal/handlers/forum.go:229.23,231.81 2 1
github.com/jaxxiy/newforum/forum_service/internal/handlers/forum.go:231.81,232.62 1 1
github.com/jaxxiy/newforum/forum_service/internal/handlers/forum.go:232.62,234.6 1 1
github.com/jaxxiy/newforum/forum_service/internal/handlers/forum.go:237.3,237.18 1 1
github.com/jaxxiy/newforum/forum_service/internal/handlers/forum.go:237.18,240.4 2 1
github.com/jaxxiy/newforum/forum_service/internal/handlers/forum.go:242.3,242.58 1 1
github.com/jaxxiy/newforum/forum_service/internal/handlers/forum.go:242.58,245.4 2 1
github.com/jaxxiy/newforum/forum_service/internal/handlers/forum.go:247.3,257.17 4 1
github.com/jaxxiy/newforum/forum_service/internal/handlers/forum.go:257.17,261.4 3 1
github.com/jaxxiy/newforum/forum_service/internal/handlers/forum.go:262.3,270.33 4 1
github.com/jaxxiy/newforum/forum_service/internal/handlers/forum.go:274.67,277.2 2 1
github.com/jaxxiy/newforum/forum_service/internal/handlers/forum.go:279.52,283.39 3 1
github.com/jaxxiy/newforum/forum_service/internal/handlers/forum.go:283.39,284.27 1 0
github.com/jaxxiy/newforum/forum_service/internal/handlers/forum.go:284.27,285.50 1 0
github.com/jaxxiy/newforum/forum_service/internal/handlers/forum.go:285.50,288.5 2 0
github.com/jaxxiy/newforum/forum_service/internal/handlers/forum.go:300.68,301.54 1 1
github.com/jaxxiy/newforum/forum_service/internal/handlers/forum.go:301.54,303.17 2 1
github.com/jaxxiy/newforum/forum_service/internal/handlers/forum.go:303.17,306.4 2 1
github.com/jaxxiy/newforum/forum_service/internal/handlers/forum.go:307.3,309.5 1 1
github.com/jaxxiy/newforum/forum_service/internal/handlers/forum.go:313.38,314.54 1 1
github.com/jaxxiy/newforum/forum_service/internal/handlers/forum.go:314.54,316.3 1 1
github.com/jaxxiy/newforum/forum_service/internal/handlers/forum.go:330.69,331.54 1 1
github.com/jaxxiy/newforum/forum_service/internal/handlers/forum.go:331.54,342.17 5 1
github.com/jaxxiy/newforum/forum_service/internal/handlers/forum.go:342.17,345.4 2 1
github.com/jaxxiy/newforum/forum_service/internal/handlers/forum.go:346.3,358.35 5 1
github.com/jaxxiy/newforum/forum_service/internal/handlers/forum.go:372.66,373.54 1 1
github.com/jaxxiy/newforum/forum_service/internal/handlers/forum.go:373.54,377.17 4 1
github.com/jaxxiy/newforum/forum_service/internal/handlers/forum.go:377.17,380.4 2 1
github.com/jaxxiy/newforum/forum_service/internal/handlers/forum.go:381.3,382.17 2 1
github.com/jaxxiy/newforum/forum_service/internal/handlers/forum.go:382.17,385.4 2 1
github.com/jaxxiy/newforum/forum_service/internal/handlers/forum.go:387.3,387.44 1 1
github.com/jaxxiy/newforum/forum_service/internal/handlers/forum.go:391.70,392.54 1 1
github.com/jaxxiy/newforum/forum_service/internal/handlers/forum.go:392.54,394.17 2 1
github.com/jaxxiy/newforum/forum_service/internal/handlers/forum.go:394.17,397.4 2 1
github.com/jaxxiy/newforum/forum_service/internal/handlers/forum.go:398.3,398.36 1 1
github.com/jaxxiy/newforum/forum_service/internal/handlers/forum.go:414.69,415.54 1 1
github.com/jaxxiy/newforum/forum_service/internal/handlers/forum.go:415.54,420.64 4 1
github.com/jaxxiy/newforum/forum_service/internal/handlers/forum.go:420.64,423.4 2 1
github.com/jaxxiy/newforum/forum_service/internal/handlers/forum.go:425.3,425.48 1 1
github.com/jaxxiy/newforum/forum_service/internal/handlers/forum.go:425.48,428.4 2 1
github.com/jaxxiy/newforum/forum_service/internal/handlers/forum.go:430.3,430.31 1 1
github.com/jaxxiy/newforum/forum_service/internal/handlers/forum.go:442.69,443.54 1 1
github.com/jaxxiy/newforum/forum_service/internal/handlers/forum.go:443.54,446.17 3 1
github.com/jaxxiy/newforum/forum_service/internal/handlers/forum.go:446.17,449.4 2 1
github.com/jaxxiy/newforum/forum_service/internal/handlers/forum.go:451.3,451.41 1 1
github.com/jaxxiy/newforum/forum_service/internal/handlers/forum.go:451.41,454.4 2 1
github.com/jaxxiy/newforum/forum_service/internal/handlers/forum.go:456.3,456.38 1 1
github.com/jaxxiy/newforum/forum_service/internal/handlers/forum.go:469.69,470.54 1 1
github.com/jaxxiy/newforum/forum_service/internal/handlers/forum.go:470.54,473.17 3 1
github.com/jaxxiy/newforum/forum_service/internal/handlers/forum.go:473.17,476.4 2 1
github.com/jaxxiy/newforum/forum_service/internal/handlers/forum.go:478.3,479.17 2 1
github.com/jaxxiy/newforum/forum_service/internal/handlers/forum.go:479.17,482.4 2 1
github.com/jaxxiy/newforum/forum_service/internal/handlers/forum.go:484.3,485.17 2 1
github.com/jaxxiy/newforum/forum_service/internal/handlers/forum.go:485.17,488.4 2 1
github.com/jaxxiy/newforum/forum_service/internal/handlers/forum.go:490.3,492.23 3 1
github.com/jaxxiy/newforum/forum_service/internal/handlers/forum.go:492.23,494.81 2 0
github.com/jaxxiy/newforum/forum_service/internal/handlers/forum.go:494.81,495.65 1 0
github.com/jaxxiy/newforum/forum_service/internal/handlers/forum.go:495.65,498.6 2 0
github.com/jaxxiy/newforum/forum_service/internal/handlers/forum.go:502.3,514.47 2 1
github.com/jaxxiy/newforum/forum_service/internal/handlers/forum.go:531.71,532.54 1 1
github.com/jaxxiy/newforum/forum_service/internal/handlers/forum.go:532.54,536.17 4 1
github.com/jaxxiy/newforum/forum_service/internal/handlers/forum.go:536.17,539.4 2 1
github.com/jaxxiy/newforum/forum_service/internal/handlers/forum.go:541.3,544.66 2 1
github.com/jaxxiy/newforum/forum_service/internal/handlers/forum.go:544.66,547.4 2 0
github.com/jaxxiy/newforum/forum_service/internal/handlers/forum.go:549.3,551.23 3 1
github.com/jaxxiy/newforum/forum_service/internal/handlers/forum.go:551.23,553.81 2 1
github.com/jaxxiy/newforum/forum_service/internal/handlers/forum.go:553.81,554.62 1 1
github.com/jaxxiy/newforum/forum_service/internal/handlers/forum.go:554.62,556.6 1 1
github.com/jaxxiy/newforum/forum_service/internal/handlers/forum.go:559.3,559.18 1 1
github.com/jaxxiy/newforum/forum_service/internal/handlers/forum.go:559.18,562.4 2 1
github.com/jaxxiy/newforum/forum_service/internal/handlers/forum.go:564.3,565.17 2 1
github.com/jaxxiy/newforum/forum_service/internal/handlers/forum.go:565.17,568.4 2 0
github.com/jaxxiy/newforum/forum_service/internal/handlers/forum.go:570.3,570.58 1 1
github.com/jaxxiy/newforum/forum_service/internal/handlers/forum.go:570.58,573.4 2 1
github.com/jaxxiy/newforum/forum_service/internal/handlers/forum.go:575.3,576.17 2 1
github.com/jaxxiy/newforum/forum_service/internal/handlers/forum.go:576.17,579.4 2 1
github.com/jaxxiy/newforum/forum_service/internal/handlers/forum.go:581.3,582.44 2 1
github.com/jaxxiy/newforum/forum_service/internal/handlers/forum.go:597.71,598.54 1 1
github.com/jaxxiy/newforum/forum_service/internal/handlers/forum.go:598.54,601.17 3 1
github.com/jaxxiy/newforum/forum_service/internal/handlers/forum.go:601.17,604.4 2 1
github.com/jaxxiy/newforum/forum_service/internal/handlers/forum.go:606.3,608.23 3 1
github.com/jaxxiy/newforum/forum_service/internal/handlers/forum.go:608.23,610.81 2 1
github.com/jaxxiy/newforum/forum_service/internal/handlers/forum.go:610.81,611.62 1 1
github.com/jaxxiy/newforum/forum_service/internal/handlers/forum.go:611.62,613.6 1 1
github.com/jaxxiy/newforum/forum_service/internal/handlers/forum.go:616.3,616.18 1 1
github.com/jaxxiy/newforum/forum_service/internal/handlers/forum.go:616.18,619.4 2 1
github.com/jaxxiy/newforum/forum_service/internal/handlers/forum.go:621.3,622.17 2 1
github.com/jaxxiy/newforum/forum_service/internal/handlers/forum.go:622.17,625.4 2 0
github.com/jaxxiy/newforum/forum_service/internal/handlers/forum.go:627.3,627.58 1 1
github.com/jaxxiy/newforum/forum_service/internal/handlers/forum.go:627.58,630.4 2 1
github.com/jaxxiy/newforum/forum_service/internal/handlers/forum.go:632.3,633.17 2 1
github.com/jaxxiy/newforum/forum_service/internal/handlers/forum.go:633.17,636.4 2 1
github.com/jaxxiy/newforum/forum_service/internal/handlers/forum.go:638.3,638.38 1 1
github.com/jaxxiy/newforum/forum_service/internal/handlers/forum.go:642.75,644.16 2 1
github.com/jaxxiy/newforum/forum_service/internal/handlers/forum.go:644.16,646.3 1 1
github.com/jaxxiy/newforum/forum_service/internal/handlers/forum.go:649.96,651.16 2 1
github.com/jaxxiy/newforum/forum_service/internal/handlers/forum.go:651.16,654.3 2 0
github.com/jaxxiy/newforum/forum_service/internal/handlers/forum.go:656.2,658.15 2 1
github.com/jaxxiy/newforum/forum_service/internal/handlers/forum.go:658.15,664.3 5 1
github.com/jaxxiy/newforum/forum_service/internal/handlers/forum.go:666.2,671.16 5 1
github.com/jaxxiy/newforum/forum_service/internal/handlers/forum.go:671.16,673.3 1 0
github.com/jaxxiy/newforum/forum_service/internal/handlers/forum.go:673.8,674.31 1 1
github.com/jaxxiy/newforum/forum_service/internal/handlers/forum.go:674.31,680.50 2 0
github.com/jaxxiy/newforum/forum_service/internal/handlers/forum.go:680.50,682.10 2 0
github.com/jaxxiy/newforum/forum_service/internal/handlers/forum.go:687.2,687.6 1 1
github.com/jaxxiy/newforum/forum_service/internal/handlers/forum.go:687.6,689.45 2 1
github.com/jaxxiy/newforum/forum_service/internal/handlers/forum.go:689.45,690.71 1 0
github.com/jaxxiy/newforum/forum_service/internal/handlers/forum.go:690.71,692.5 1 0
github.com/jaxxiy/newforum/forum_service/internal/handlers/forum.go:693.4,693.9 1 0
github.com/jaxxiy/newforum/forum_service/internal/handlers/forum.go:696.3,701.17 2 1
github.com/jaxxiy/newforum/forum_service/internal/handlers/forum.go:701.17,703.4 1 0
github.com/jaxxiy/newforum/forum_service/internal/handlers/forum.go:705.3,705.29 1 0
github.com/jaxxiy/newforum/forum_service/internal/handlers/forum.go:709.33,710.6 1 0
github.com/jaxxiy/newforum/forum_service/internal/handlers/forum.go:710.6,715.35 4 0
github.com/jaxxiy/newforum/forum_service/internal/handlers/forum.go:715.35,717.4 1 0
github.com/jaxxiy/newforum/forum_service/internal/handlers/forum.go:719.3,719.41 1 0
github.com/jaxxiy/newforum/forum_service/internal/handlers/forum.go:719.41,720.48 1 0
github.com/jaxxiy/newforum/forum_service/internal/handlers/forum.go:720.48,724.5 3 0
github.com/jaxxiy/newforum/forum_service/internal/handlers/forum.go:726.3,726.24 1 0
github.com/jaxxiy/newforum/forum_service/internal/handlers/forum.go:730.81,731.54 1 1
github.com/jaxxiy/newforum/forum_service/internal/handlers/forum.go:731.54,734.74 2 1
github.com/jaxxiy/newforum/forum_service/internal/handlers/forum.go:734.74,737.4 2 1
github.com/jaxxiy/newforum/forum_service/internal/handlers/forum.go:739.3,740.62 2 1
github.com/jaxxiy/newforum/forum_service/internal/handlers/forum.go:740.62,743.4 2 1
github.com/jaxxiy/newforum/forum_service/internal/handlers/forum.go:744.3,746.82 2 1
github.com/jaxxiy/newforum/forum_service/internal/handlers/forum.go:746.82,749.4 2 1
github.com/jaxxiy/newforum/forum_service/internal/handlers/forum.go:751.3,758.17 3 1
github.com/jaxxiy/newforum/forum_service/internal/handlers/forum.go:758.17,762.4 3 1
github.com/jaxxiy/newforum/forum_service/internal/handlers/forum.go:764.3,779.5 5 0
github.com/jaxxiy/newforum/forum_service/internal/handlers/forum.go:795.72,796.54 1 1
github.com/jaxxiy/newforum/forum_service/internal/handlers/forum.go:796.54,800.17 4 1
github.com/jaxxiy/newforum/forum_service/internal/handlers/forum.go:800.17,803.4 2 1
github.com/jaxxiy/newforum/forum_service/internal/handlers/forum.go:805.3,806.17 2 1
github.com/jaxxiy/newforum/forum_service/internal/handlers/forum.go:806.17,809.4 2 1
github.com/jaxxiy/newforum/forum_service/internal/handlers/forum.go:811.3,812.68 2 1
github.com/jaxxiy/newforum/forum_service/internal/handlers/forum.go:812.68,814.46 2 1
github.com/jaxxiy/newforum/forum_service/internal/handlers/forum.go:814.46,816.19 2 1
github.com/jaxxiy/newforum/forum_service/internal/handlers/forum.go:816.19,818.6 1 1
github.com/jaxxiy/newforum/forum_service/internal/handlers/forum.go:818.11,818.27 1 1
github.com/jaxxiy/newforum/forum_service/internal/handlers/forum.go:818.27,821.6 2 1
github.com/jaxxiy/newforum/forum_service/internal/handlers/forum.go:825.3,830.5 2 1
github.com/jaxxiy/newforum/forum_service/internal/mocks/auth_service.go:15.44,19.2 1 0
github.com/jaxxiy/newforum/forum_service/internal/mocks/auth_service.go:21.94,22.31 1 0
github.com/jaxxiy/newforum/forum_service/internal/mocks/auth_service.go:22.31,23.36 1 0
github.com/jaxxiy/newforum/forum_service/internal/mocks/auth_service.go:23.36,25.4 1 0
github.com/jaxxiy/newforum/forum_service/internal/mocks/auth_service.go:26.3,26.30 1 0
github.com/jaxxiy/newforum/forum_service/internal/mocks/auth_service.go:26.30,28.4 1 0
github.com/jaxxiy/newforum/forum_service/internal/mocks/auth_service.go:31.2,46.8 3 0
github.com/jaxxiy/newforum/forum_service/internal/mocks/auth_service.go:49.88,50.31 1 0
github.com/jaxxiy/newforum/forum_service/internal/mocks/auth_service.go:50.31,51.36 1 0
github.com/jaxxiy/newforum/forum_service/internal/mocks/auth_service.go:51.36,52.47 1 0
github.com/jaxxiy/newforum/forum_service/internal/mocks/auth_service.go:52.47,57.5 1 0
github.com/jaxxiy/newforum/forum_service/internal/mocks/auth_service.go:58.4,58.58 1 0
github.com/jaxxiy/newforum/forum_service/internal/mocks/auth_service.go:61.2,61.56 1 0
github.com/jaxxiy/newforum/forum_service/internal/mocks/auth_service.go:64.77,65.52 1 0
github.com/jaxxiy/newforum/forum_service/internal/mocks/auth_service.go:65.52,67.32 2 0
github.com/jaxxiy/newforum/forum_service/internal/mocks/auth_service.go:67.32,68.33 1 0
github.com/jaxxiy/newforum/forum_service/internal/mocks/auth_service.go:68.33,70.5 1 0
github.com/jaxxiy/newforum/forum_service/internal/mocks/auth_service.go:73.2,73.41 1 0
github.com/jaxxiy/newforum/forum_service/internal/mocks/auth_service.go:76.99,78.2 1 0
github.com/jaxxiy/newforum/forum_service/internal/mocks/auth_service.go:80.58,82.2 1 0
github.com/jaxxiy/newforum/forum_service/internal/mocks/client.go:16.105,19.24 2 0
github.com/jaxxiy/newforum/forum_service/internal/mocks/client.go:19.24,20.39 1 0
github.com/jaxxiy/newforum/forum_service/internal/mocks/client.go:20.39,21.42 1 0
github.com/jaxxiy/newforum/forum_service/internal/mocks/client.go:21.42,23.5 1 0
github.com/jaxxiy/newforum/forum_service/internal/mocks/client.go:24.4,24.57 1 0
github.com/jaxxiy/newforum/forum_service/internal/mocks/client.go:26.3,26.62 1 0
github.com/jaxxiy/newforum/forum_service/internal/mocks/client.go:29.2,29.55 1 0
github.com/jaxxiy/newforum/forum_service/internal/mocks/client.go:29.55,31.3 1 0
github.com/jaxxiy/newforum/forum_service/internal/mocks/client.go:32.2,32.67 1 0
github.com/jaxxiy/newforum/forum_service/internal/mocks/client.go:35.80,44.2 1 0
github.com/jaxxiy/newforum/forum_service/internal/mocks/client.go:46.84,51.2 1 0
github.com/jaxxiy/newforum/forum_service/internal/mocks/forum_repository.go:13.59,15.24 2 1
github.com/jaxxiy/newforum/forum_service/internal/mocks/forum_repository.go:15.24,17.3 1 1
github.com/jaxxiy/newforum/forum_service/internal/mocks/forum_repository.go:18.2,18.52 1 1
github.com/jaxxiy/newforum/forum_service/internal/mocks/forum_repository.go:21.65,23.24 2 1
github.com/jaxxiy/newforum/forum_service/internal/mocks/forum_repository.go:23.24,25.3 1 1
github.com/jaxxiy/newforum/forum_service/internal/mocks/forum_repository.go:26.2,26.51 1 1
github.com/jaxxiy/newforum/forum_service/internal/mocks/forum_repository.go:29.66,32.2 2 1
github.com/jaxxiy/newforum/forum_service/internal/mocks/forum_repository.go:34.67,37.2 2 1
github.com/jaxxiy/newforum/forum_service/internal/mocks/forum_repository.go:39.47,42.2 2 1
github.com/jaxxiy/newforum/forum_service/internal/mocks/forum_repository.go:44.77,46.24 2 1
github.com/jaxxiy/newforum/forum_service/internal/mocks/forum_repository.go:46.24,48.3 1 0
github.com/jaxxiy/newforum/forum_service/internal/mocks/forum_repository.go:49.2,49.54 1 1
github.com/jaxxiy/newforum/forum_service/internal/mocks/forum_repository.go:52.73,55.2 2 1
github.com/jaxxiy/newforum/forum_service/internal/mocks/forum_repository.go:57.74,59.24 2 1
github.com/jaxxiy/newforum/forum_service/internal/mocks/forum_repository.go:59.24,61.3 1 0
github.com/jaxxiy/newforum/forum_service/internal/mocks/forum_repository.go:62.2,62.53 1 1
github.com/jaxxiy/newforum/forum_service/internal/mocks/forum_repository.go:65.86,67.24 2 1
github.com/jaxxiy/newforum/forum_service/internal/mocks/forum_repository.go:67.24,69.3 1 1
github.com/jaxxiy/newforum/forum_service/internal/mocks/forum_repository.go:70.2,70.53 1 1
github.com/jaxxiy/newforum/forum_service/internal/mocks/forum_repository.go:73.54,76.2 2 1
github.com/jaxxiy/newforum/forum_service/internal/mocks/forum_repository.go:78.85,81.2 2 1
github.com/jaxxiy/newforum/forum_service/internal/mocks/forum_repository.go:83.90,85.24 2 1
github.com/jaxxiy/newforum/forum_service/internal/mocks/forum_repository.go:85.24,87.3 1 0
github.com/jaxxiy/newforum/forum_service/internal/mocks/forum_repository.go:88.2,88.60 1 1
github.com/jaxxiy/newforum/forum_service/internal/mocks/forum_repository.go:91.68,94.2 2 1
github.com/jaxxiy/newforum/forum_service/internal/mocks/server.go:15.146,18.2 2 0
github.com/jaxxiy/newforum/forum_service/internal/repository/forums.go:31.44,35.2 1 1
github.com/jaxxiy/newforum/forum_service/internal/repository/forums.go:37.58,45.2 3 1
github.com/jaxxiy/newforum/forum_service/internal/repository/forums.go:47.55,49.16 2 1
github.com/jaxxiy/newforum/forum_service/internal/repository/forums.go:49.16,51.3 1 1
github.com/jaxxiy/newforum/forum_service/internal/repository/forums.go:52.2,55.18 3 1
github.com/jaxxiy/newforum/forum_service/internal/repository/forums.go:55.18,57.82 2 1
github.com/jaxxiy/newforum/forum_service/internal/repository/forums.go:57.82,59.4 1 0
github.com/jaxxiy/newforum/forum_service/internal/repository/forums.go:60.3,60.29 1 1
github.com/jaxxiy/newforum/forum_service/internal/repository/forums.go:62.2,62.20 1 1
github.com/jaxxiy/newforum/forum_service/internal/repository/forums.go:65.61,71.16 5 1
github.com/jaxxiy/newforum/forum_service/internal/repository/forums.go:71.16,72.36 1 1
github.com/jaxxiy/newforum/forum_service/internal/repository/forums.go:72.36,74.4 1 1
github.com/jaxxiy/newforum/forum_service/internal/repository/forums.go:75.3,75.18 1 1
github.com/jaxxiy/newforum/forum_service/internal/repository/forums.go:78.2,78.20 1 1
github.com/jaxxiy/newforum/forum_service/internal/repository/forums.go:81.59,86.16 2 1
github.com/jaxxiy/newforum/forum_service/internal/repository/forums.go:86.16,88.3 1 1
github.com/jaxxiy/newforum/forum_service/internal/repository/forums.go:90.2,91.23 2 1
github.com/jaxxiy/newforum/forum_service/internal/repository/forums.go:91.23,93.3 1 1
github.com/jaxxiy/newforum/forum_service/internal/repository/forums.go:94.2,94.12 1 1
github.com/jaxxiy/newforum/forum_service/internal/repository/forums.go:97.43,102.16 2 1
github.com/jaxxiy/newforum/forum_service/internal/repository/forums.go:102.16,104.3 1 1
github.com/jaxxiy/newforum/forum_service/internal/repository/forums.go:106.2,107.23 2 1
github.com/jaxxiy/newforum/forum_service/internal/repository/forums.go:107.23,109.3 1 1
github.com/jaxxiy/newforum/forum_service/internal/repository/forums.go:110.2,110.12 1 1
github.com/jaxxiy/newforum/forum_service/internal/repository/forums.go:113.69,117.16 4 1
github.com/jaxxiy/newforum/forum_service/internal/repository/forums.go:117.16,119.3 1 0
github.com/jaxxiy/newforum/forum_service/internal/repository/forums.go:120.2,120.13 1 1
github.com/jaxxiy/newforum/forum_service/internal/repository/forums.go:120.13,122.3 1 1
github.com/jaxxiy/newforum/forum_service/internal/repository/forums.go:124.2,130.16 3 1
github.com/jaxxiy/newforum/forum_service/internal/repository/forums.go:130.16,132.3 1 1
github.com/jaxxiy/newforum/forum_service/internal/repository/forums.go:134.2,134.16 1 1
github.com/jaxxiy/newforum/forum_service/internal/repository/forums.go:137.73,143.16 2 1
github.com/jaxxiy/newforum/forum_service/internal/repository/forums.go:143.16,145.3 1 1
github.com/jaxxiy/newforum/forum_service/internal/repository/forums.go:146.2,149.18 3 1
github.com/jaxxiy/newforum/forum_service/internal/repository/forums.go:149.18,151.91 2 1
github.com/jaxxiy/newforum/forum_service/internal/repository/forums.go:151.91,153.4 1 0
github.com/jaxxiy/newforum/forum_service/internal/repository/forums.go:154.3,154.33 1 1
github.com/jaxxiy/newforum/forum_service/internal/repository/forums.go:156.2,156.22 1 1
github.com/jaxxiy/newforum/forum_service/internal/repository/forums.go:159.50,162.2 2 1
github.com/jaxxiy/newforum/forum_service/internal/repository/forums.go:164.96,182.16 3 1
github.com/jaxxiy/newforum/forum_service/internal/repository/forums.go:182.16,184.3 1 1
github.com/jaxxiy/newforum/forum_service/internal/repository/forums.go:186.2,186.29 1 1
github.com/jaxxiy/newforum/forum_service/internal/repository/forums.go:189.81,198.16 3 1
github.com/jaxxiy/newforum/forum_service/internal/repository/forums.go:198.16,200.3 1 1
github.com/jaxxiy/newforum/forum_service/internal/repository/forums.go:202.2,202.16 1 1
github.com/jaxxiy/newforum/forum_service/internal/repository/forums.go:205.83,211.16 2 1
github.com/jaxxiy/newforum/forum_service/internal/repository/forums.go:211.16,213.3 1 1
github.com/jaxxiy/newforum/forum_service/internal/repository/forums.go:214.2,217.18 3 1
github.com/jaxxiy/newforum/forum_service/internal/repository/forums.go:217.18,219.79 2 1
github.com/jaxxiy/newforum/forum_service/internal/repository/forums.go:219.79,221.4 1 0
github.com/jaxxiy/newforum/forum_service/internal/repository/forums.go:222.3,222.33 1 1
github.com/jaxxiy/newforum/forum_service/internal/repository/forums.go:225.2,225.22 1 1
github.com/jaxxiy/newforum/forum_service/internal/repository/forums.go:228.56,230.16 2 1
github.com/jaxxiy/newforum/forum_service/internal/repository/forums.go:230.16,232.3 1 1
github.com/jaxxiy/newforum/forum_service/internal/repository/forums.go:233.2,233.12 1 1
github.com/jaxxiy/newforum/forum_service/internal/repository/forums.go:236.86,242.16 2 1
github.com/jaxxiy/newforum/forum_service/internal/repository/forums.go:242.16,244.3 1 1
github.com/jaxxiy/newforum/forum_service/internal/repository/forums.go:245.2,248.18 3 1
github.com/jaxxiy/newforum/forum_service/internal/repository/forums.go:248.18,251.17 3 1
github.com/jaxxiy/newforum/forum_service/internal/repository/forums.go:251.17,253.4 1 0
github.com/jaxxiy/newforum/forum_service/internal/repository/forums.go:254.3,254.33 1 1
github.com/jaxxiy/newforum/forum_service/internal/repository/forums.go:257.2,257.21 1 1
github.com/jaxxiy/newforum/forum_service/internal/repository/forums.go:260.68,276.26 4 1
github.com/jaxxiy/newforum/forum_service/internal/repository/forums.go:276.26,278.3 1 1
github.com/jaxxiy/newforum/forum_service/internal/repository/forums.go:279.2,279.16 1 1
github.com/jaxxiy/newforum/forum_service/internal/repository/forums.go:279.16,281.3 1 1
github.com/jaxxiy/newforum/forum_service/internal/repository/forums.go:283.2,283.18 1 1
github.com/jaxxiy/newforum/forum_service/internal/repository/forums.go:286.77,292.16 3 1
github.com/jaxxiy/newforum/forum_service/internal/repository/forums.go:292.16,294.3 1 1
github.com/jaxxiy/newforum/forum_service/internal/repository/forums.go:295.2,295.16 1 1
github.com/jaxxiy/newforum/forum_service/internal/repository/postgres.go:13.49,15.16 2 0
github.com/jaxxiy/newforum/forum_service/internal/repository/postgres.go:15.16,17.3 1 0
github.com/jaxxiy/newforum/forum_service/internal/repository/postgres.go:18.2,18.31 1 0
github.com/jaxxiy/newforum/forum_service/internal/service/forum.go:32.70,36.2 1 1
github.com/jaxxiy/newforum/forum_service/internal/service/forum.go:38.64,39.23 1 1
github.com/jaxxiy/newforum/forum_service/internal/service/forum.go:39.23,41.3 1 1
github.com/jaxxiy/newforum/forum_service/internal/service/forum.go:42.2,42.29 1 1
github.com/jaxxiy/newforum/forum_service/internal/service/forum.go:42.29,44.3 1 1
github.com/jaxxiy/newforum/forum_service/internal/service/forum.go:45.2,45.39 1 1
github.com/jaxxiy/newforum/forum_service/internal/service/forum.go:45.39,47.3 1 1
github.com/jaxxiy/newforum/forum_service/internal/service/forum.go:48.2,48.12 1 1
github.com/jaxxiy/newforum/forum_service/internal/service/forum.go:51.70,52.26 1 1
github.com/jaxxiy/newforum/forum_service/internal/service/forum.go:52.26,54.3 1 1
github.com/jaxxiy/newforum/forum_service/internal/service/forum.go:55.2,55.26 1 1
github.com/jaxxiy/newforum/forum_service/internal/service/forum.go:55.26,57.3 1 1
github.com/jaxxiy/newforum/forum_service/internal/service/forum.go:58.2,58.27 1 1
github.com/jaxxiy/newforum/forum_service/internal/service/forum.go:58.27,60.3 1 1
github.com/jaxxiy/newforum/forum_service/internal/service/forum.go:61.2,61.45 1 1
github.com/jaxxiy/newforum/forum_service/internal/service/forum.go:61.45,63.3 1 0
github.com/jaxxiy/newforum/forum_service/internal/service/forum.go:64.2,64.12 1 1
github.com/jaxxiy/newforum/forum_service/internal/service/forum.go:67.82,68.26 1 1
github.com/jaxxiy/newforum/forum_service/internal/service/forum.go:68.26,70.3 1 1
github.com/jaxxiy/newforum/forum_service/internal/service/forum.go:71.2,71.27 1 1
github.com/jaxxiy/newforum/forum_service/internal/service/forum.go:71.27,73.3 1 1
github.com/jaxxiy/newforum/forum_service/internal/service/forum.go:74.2,74.45 1 1
github.com/jaxxiy/newforum/forum_service/internal/service/forum.go:74.45,76.3 1 1
github.com/jaxxiy/newforum/forum_service/internal/service/forum.go:77.2,77.12 1 1
github.com/jaxxiy/newforum/forum_service/internal/service/forum.go:80.63,82.2 1 1
github.com/jaxxiy/newforum/forum_service/internal/service/forum.go:84.68,85.13 1 1
github.com/jaxxiy/newforum/forum_service/internal/service/forum.go:85.13,87.3 1 0
github.com/jaxxiy/newforum/forum_service/internal/service/forum.go:88.2,88.27 1 1
github.com/jaxxiy/newforum/forum_service/internal/service/forum.go:91.69,92.47 1 1
github.com/jaxxiy/newforum/forum_service/internal/service/forum.go:92.47,94.3 1 1
github.com/jaxxiy/newforum/forum_service/internal/service/forum.go:95.2,95.29 1 1
github.com/jaxxiy/newforum/forum_service/internal/service/forum.go:98.70,99.13 1 1
github.com/jaxxiy/newforum/forum_service/internal/service/forum.go:99.13,101.3 1 0
github.com/jaxxiy/newforum/forum_service/internal/service/forum.go:102.2,102.47 1 1
github.com/jaxxiy/newforum/forum_service/internal/service/forum.go:102.47,104.3 1 1
github.com/jaxxiy/newforum/forum_service/internal/service/forum.go:105.2,105.33 1 1
github.com/jaxxiy/newforum/forum_service/internal/service/forum.go:108.50,109.13 1 1
github.com/jaxxiy/newforum/forum_service/internal/service/forum.go:109.13,111.3 1 0
github.com/jaxxiy/newforum/forum_service/internal/service/forum.go:112.2,112.26 1 1
github.com/jaxxiy/newforum/forum_service/internal/service/forum.go:115.75,116.18 1 1
github.com/jaxxiy/newforum/forum_service/internal/service/forum.go:116.18,118.3 1 0
github.com/jaxxiy/newforum/forum_service/internal/service/forum.go:119.2,119.36 1 1
github.com/jaxxiy/newforum/forum_service/internal/service/forum.go:122.75,123.51 1 1
github.com/jaxxiy/newforum/forum_service/internal/service/forum.go:123.51,125.3 1 1
github.com/jaxxiy/newforum/forum_service/internal/service/forum.go:126.2,126.38 1 1
github.com/jaxxiy/newforum/forum_service/internal/service/forum.go:129.72,130.13 1 1
github.com/jaxxiy/newforum/forum_service/internal/service/forum.go:130.13,132.3 1 0
github.com/jaxxiy/newforum/forum_service/internal/service/forum.go:133.2,133.34 1 1
github.com/jaxxiy/newforum/forum_service/internal/service/forum.go:136.87,137.13 1 1
github.com/jaxxiy/newforum/forum_service/internal/service/forum.go:137.13,139.3 1 0
github.com/jaxxiy/newforum/forum_service/internal/service/forum.go:140.2,140.19 1 1
github.com/jaxxiy/newforum/forum_service/internal/service/forum.go:140.19,142.3 1 0
github.com/jaxxiy/newforum/forum_service/internal/service/forum.go:143.2,143.37 1 1
github.com/jaxxiy/newforum/forum_service/internal/service/forum.go:143.37,145.3 1 0
github.com/jaxxiy/newforum/forum_service/internal/service/forum.go:146.2,146.39 1 1
github.com/jaxxiy/newforum/forum_service/internal/service/forum.go:149.52,150.13 1 1
github.com/jaxxiy/newforum/forum_service/internal/service/forum.go:150.13,152.3 1 0
github.com/jaxxiy/newforum/forum_service/internal/service/forum.go:153.2,153.33 1 1
github.com/jaxxiy/newforum/forum_service/internal/service/forum.go:156.66,157.13 1 1
github.com/jaxxiy/newforum/forum_service/internal/service/forum.go:157.13,159.3 1 1
github.com/jaxxiy/newforum/forum_service/internal/service/forum.go:160.2,160.31 1 1
github.com/jaxxiy/newforum/forum_service/internal/service/forum.go:163.87,164.57 1 1
github.com/jaxxiy/newforum/forum_service/internal/service/forum.go:164.57,166.3 1 1
github.com/jaxxiy/newforum/forum_service/internal/service/forum.go:167.2,167.44 1 1
github.com/jaxxiy/newforum/forum_service/internal/service/forum.go:170.88,171.16 1 1
github.com/jaxxiy/newforum/forum_service/internal/service/forum.go:171.16,173.3 1 1
github.com/jaxxiy/newforum/forum_service/internal/service/forum.go:174.2,174.43 1 1
github.com/jaxxiy/newforum/forum_service/internal/service/logger.go:15.35,18.2 2 1
github.com/jaxxiy/newforum/forum_service/internal/service/logger.go:20.31,24.11 3 1
github.com/jaxxiy/newforum/forum_service/internal/service/logger.go:24.11,26.3 1 1
github.com/jaxxiy/newforum/forum_service/internal/service/logger.go:26.8,28.3 1 1
github.com/jaxxiy/newforum/forum_service/internal/service/logger.go:30.2,30.16 1 1
github.com/jaxxiy/newforum/forum_service/internal/service/logger.go:30.16,31.55 1 0
github.com/jaxxiy/newforum/forum_service/internal/service/logger.go:34.2,34.12 1 1
github.com/jaxxiy/newforum/forum_service/internal/service/logger.go:37.30,38.17 1 1
github.com/jaxxiy/newforum/forum_service/internal/service/logger.go:38.17,40.3 1 1
github.com/jaxxiy/newforum/forum_service/internal/service/logger.go:41.2,41.15 1 1
github.com/jaxxiy/newforum/forum_service/internal/service/websocket.go:13.42,15.3 1 1
github.com/jaxxiy/newforum/forum_service/internal/service/websocket.go:26.42,28.3 1 1
github.com/jaxxiy/newforum/forum_service/internal/service/websocket.go:44.23,56.16 7 0
github.com/jaxxiy/newforum/forum_service/internal/service/websocket.go:56.16,58.3 1 0
github.com/jaxxiy/newforum/forum_service/internal/service/websocket.go:61.2,61.12 1 0
github.com/jaxxiy/newforum/forum_service/internal/service/websocket.go:61.12,62.90 1 0
github.com/jaxxiy/newforum/forum_service/internal/service/websocket.go:62.90,64.4 1 0
github.com/jaxxiy/newforum/forum_service/internal/service/websocket.go:67.2,67.89 1 0
github.com/jaxxiy/newforum/forum_service/internal/service/websocket.go:67.89,69.3 1 0
github.com/jaxxiy/newforum/forum_service/internal/service/websocket.go:73.64,75.16 2 1
github.com/jaxxiy/newforum/forum_service/internal/service/websocket.go:75.16,78.3 2 1
github.com/jaxxiy/newforum/forum_service/internal/service/websocket.go:80.2,84.15 4 1
github.com/jaxxiy/newforum/forum_service/internal/service/websocket.go:84.15,89.3 4 1
github.com/jaxxiy/newforum/forum_service/internal/service/websocket.go:91.2,91.6 1 1
github.com/jaxxiy/newforum/forum_service/internal/service/websocket.go:91.6,93.17 2 1
github.com/jaxxiy/newforum/forum_service/internal/service/websocket.go:93.17,94.9 1 1
github.com/jaxxiy/newforum/forum_service/internal/service/websocket.go:96.3,96.10 1 1
github.com/jaxxiy/newforum/forum_service/internal/service/websocket.go:97.33,97.33 0 1
github.com/jaxxiy/newforum/forum_service/internal/service/websocket.go:98.11,99.48 1 1
github.com/jaxxiy/newforum/forum_service/internal/service/websocket.go:102.3,102.17 1 1
github.com/jaxxiy/newforum/forum_service/internal/service/websocket.go:102.17,103.11 1 1
github.com/jaxxiy/newforum/forum_service/internal/service/websocket.go:104.20,105.11 1 1
github.com/jaxxiy/newforum/forum_service/internal/service/websocket.go:106.12,106.12 0 1
github.com/jaxxiy/newforum/forum_service/internal/service/websocket.go:113.70,115.16 2 1
github.com/jaxxiy/newforum/forum_service/internal/service/websocket.go:115.16,118.3 2 1
github.com/jaxxiy/newforum/forum_service/internal/service/websocket.go:120.2,124.15 4 1
github.com/jaxxiy/newforum/forum_service/internal/service/websocket.go:124.15,129.3 4 1
github.com/jaxxiy/newforum/forum_service/internal/service/websocket.go:131.2,131.6 1 1
github.com/jaxxiy/newforum/forum_service/internal/service/websocket.go:131.6,133.17 2 1
github.com/jaxxiy/newforum/forum_service/internal/service/websocket.go:133.17,134.9 1 1
github.com/jaxxiy/newforum/forum_service/internal/service/websocket.go:136.3,136.10 1 1
github.com/jaxxiy/newforum/forum_service/internal/service/websocket.go:137.39,137.39 0 1
github.com/jaxxiy/newforum/forum_service/internal/service/websocket.go:138.11,139.55 1 0
github.com/jaxxiy/newforum/forum_service/internal/service/websocket.go:142.3,142.17 1 1
github.com/jaxxiy/newforum/forum_service/internal/service/websocket.go:142.17,143.11 1 1
github.com/jaxxiy/newforum/forum_service/internal/service/websocket.go:144.20,145.11 1 0
github.com/jaxxiy/newforum/forum_service/internal/service/websocket.go:146.12,146.12 0 1
github.com/jaxxiy/newforum/forum_service/internal/service/websocket.go:153.23,154.6 1 1
github.com/jaxxiy/newforum/forum_service/internal/service/websocket.go:154.6,155.10 1 1
github.com/jaxxiy/newforum/forum_service/internal/service/websocket.go:156.27,158.32 2 1
github.com/jaxxiy/newforum/forum_service/internal/service/websocket.go:158.32,160.19 2 1
github.com/jaxxiy/newforum/forum_service/internal/service/websocket.go:160.19,167.14 7 1
github.com/jaxxiy/newforum/forum_service/internal/service/websocket.go:170.4,170.16 1 1
github.com/jaxxiy/newforum/forum_service/internal/service/websocket.go:171.19,172.18 1 1
github.com/jaxxiy/newforum/forum_service/internal/service/websocket.go:172.18,174.5 1 1
github.com/jaxxiy/newforum/forum_service/internal/service/websocket.go:180.29,181.6 1 1
github.com/jaxxiy/newforum/forum_service/internal/service/websocket.go:181.6,182.10 1 1
github.com/jaxxiy/newforum/forum_service/internal/service/websocket.go:183.33,185.38 2 1
github.com/jaxxiy/newforum/forum_service/internal/service/websocket.go:185.38,187.19 2 1
github.com/jaxxiy/newforum/forum_service/internal/service/websocket.go:187.19,194.14 7 0
github.com/jaxxiy/newforum/forum_service/internal/service/websocket.go:197.4,197.22 1 1
github.com/jaxxiy/newforum/forum_service/internal/service/websocket.go:198.19,199.18 1 1
github.com/jaxxiy/newforum/forum_service/internal/service/websocket.go:199.18,201.5 1 1
github.com/jaxxiy/newforum/forum_service/internal/service/websocket.go:207.32,209.13 2 1
github.com/jaxxiy/newforum/forum_service/internal/service/websocket.go:209.13,214.3 4 1
github.com/jaxxiy/newforum/forum_service/internal/service/websocket.go:217.20,218.16 1 1
github.com/jaxxiy/newforum/forum_service/internal/service/websocket.go:218.16,220.3 1 1
github.com/jaxxiy/newforum/forum_service/internal/service/websocket.go:222.2,223.30 2 1
github.com/jaxxiy/newforum/forum_service/internal/service/websocket.go:223.30,226.3 2 1
github.com/jaxxiy/newforum/forum_service/internal/service/websocket.go:227.2,230.36 3 1
github.com/jaxxiy/newforum/forum_service/internal/service/websocket.go:230.36,233.3 2 0
github.com/jaxxiy/newforum/forum_service/internal/service/websocket.go:234.2,234.19 1 1
github.com/jaxxiy/newforum/forum_service/internal/service/websocket.go:238.21,239.16 1 0
github.com/jaxxiy/newforum/forum_service/internal/service/websocket.go:239.16,241.3 1 0
