mode: set
github.com/jaxxiy/newforum/auth_service/docs/docs.go:242.13,244.2 1 0
github.com/jaxxiy/newforum/auth_service/internal/grpc/server.go:21.58,25.2 1 0
github.com/jaxxiy/newforum/auth_service/internal/grpc/server.go:27.101,29.16 2 0
github.com/jaxxiy/newforum/auth_service/internal/grpc/server.go:29.16,32.3 2 0
github.com/jaxxiy/newforum/auth_service/internal/grpc/server.go:34.2,39.8 1 0
github.com/jaxxiy/newforum/auth_service/internal/grpc/server.go:42.111,46.16 3 0
github.com/jaxxiy/newforum/auth_service/internal/grpc/server.go:46.16,49.3 2 0
github.com/jaxxiy/newforum/auth_service/internal/grpc/server.go:51.2,58.8 2 0
github.com/jaxxiy/newforum/auth_service/internal/grpc/server.go:61.75,63.16 2 0
github.com/jaxxiy/newforum/auth_service/internal/grpc/server.go:63.16,65.3 1 0
github.com/jaxxiy/newforum/auth_service/internal/grpc/server.go:67.2,84.30 6 0
github.com/jaxxiy/newforum/auth_service/internal/grpc/server.go:87.25,88.25 1 0
github.com/jaxxiy/newforum/auth_service/internal/grpc/server.go:88.25,90.3 1 0
github.com/jaxxiy/newforum/auth_service/internal/pkg/jwt/jwt.go:16.69,17.104 1 0
github.com/jaxxiy/newforum/auth_service/internal/pkg/jwt/jwt.go:17.104,19.3 1 0
github.com/jaxxiy/newforum/auth_service/internal/pkg/jwt/jwt.go:21.2,21.16 1 0
github.com/jaxxiy/newforum/auth_service/internal/pkg/jwt/jwt.go:21.16,23.3 1 0
github.com/jaxxiy/newforum/auth_service/internal/pkg/jwt/jwt.go:25.2,25.61 1 0
github.com/jaxxiy/newforum/auth_service/internal/pkg/jwt/jwt.go:25.61,27.3 1 0
github.com/jaxxiy/newforum/auth_service/internal/pkg/jwt/jwt.go:29.2,29.41 1 0
github.com/jaxxiy/newforum/auth_service/internal/pkg/jwt/jwt.go:32.80,43.2 3 0
github.com/jaxxiy/newforum/auth_service/internal/mocks/user_repo.go:12.62,15.2 2 0
github.com/jaxxiy/newforum/auth_service/internal/mocks/user_repo.go:17.77,19.24 2 0
github.com/jaxxiy/newforum/auth_service/internal/mocks/user_repo.go:19.24,21.3 1 0
github.com/jaxxiy/newforum/auth_service/internal/mocks/user_repo.go:22.2,22.50 1 0
github.com/jaxxiy/newforum/auth_service/internal/mocks/user_repo.go:25.71,27.24 2 0
github.com/jaxxiy/newforum/auth_service/internal/mocks/user_repo.go:27.24,29.3 1 0
github.com/jaxxiy/newforum/auth_service/internal/mocks/user_repo.go:30.2,30.50 1 0
github.com/jaxxiy/newforum/auth_service/internal/mocks/user_repo.go:33.70,35.24 2 0
github.com/jaxxiy/newforum/auth_service/internal/mocks/user_repo.go:35.24,37.3 1 0
github.com/jaxxiy/newforum/auth_service/internal/mocks/user_repo.go:38.2,38.50 1 0
github.com/jaxxiy/newforum/auth_service/internal/mocks/user_repo.go:41.80,44.2 2 0
github.com/jaxxiy/newforum/auth_service/internal/mocks/user_repo.go:46.58,49.2 1 0
github.com/jaxxiy/newforum/auth_service/internal/mocks/user_repo.go:51.52,54.2 1 0
github.com/jaxxiy/newforum/auth_service/internal/mocks/user_repo.go:56.90,59.2 1 0
github.com/jaxxiy/newforum/auth_service/internal/mocks/user_repo.go:61.84,64.2 1 0
github.com/jaxxiy/newforum/auth_service/internal/mocks/user_repo.go:66.83,69.2 1 0
github.com/jaxxiy/newforum/auth_service/internal/mocks/user_repo.go:71.67,74.2 1 0
github.com/jaxxiy/newforum/auth_service/internal/repository/user_repo.go:23.40,25.2 1 1
github.com/jaxxiy/newforum/auth_service/internal/repository/user_repo.go:27.58,44.16 4 1
github.com/jaxxiy/newforum/auth_service/internal/repository/user_repo.go:44.16,46.3 1 1
github.com/jaxxiy/newforum/auth_service/internal/repository/user_repo.go:48.2,48.16 1 1
github.com/jaxxiy/newforum/auth_service/internal/repository/user_repo.go:51.73,68.26 4 1
github.com/jaxxiy/newforum/auth_service/internal/repository/user_repo.go:68.26,70.3 1 1
github.com/jaxxiy/newforum/auth_service/internal/repository/user_repo.go:71.2,71.16 1 1
github.com/jaxxiy/newforum/auth_service/internal/repository/user_repo.go:71.16,73.3 1 0
github.com/jaxxiy/newforum/auth_service/internal/repository/user_repo.go:75.2,75.18 1 1
github.com/jaxxiy/newforum/auth_service/internal/repository/user_repo.go:78.67,95.26 4 1
github.com/jaxxiy/newforum/auth_service/internal/repository/user_repo.go:95.26,97.3 1 1
github.com/jaxxiy/newforum/auth_service/internal/repository/user_repo.go:98.2,98.16 1 1
github.com/jaxxiy/newforum/auth_service/internal/repository/user_repo.go:98.16,100.3 1 0
github.com/jaxxiy/newforum/auth_service/internal/repository/user_repo.go:102.2,102.18 1 1
github.com/jaxxiy/newforum/auth_service/internal/repository/user_repo.go:105.66,121.26 4 1
github.com/jaxxiy/newforum/auth_service/internal/repository/user_repo.go:121.26,123.3 1 1
github.com/jaxxiy/newforum/auth_service/internal/repository/user_repo.go:124.2,124.16 1 1
github.com/jaxxiy/newforum/auth_service/internal/repository/user_repo.go:124.16,126.3 1 0
github.com/jaxxiy/newforum/auth_service/internal/repository/user_repo.go:128.2,128.18 1 1
github.com/jaxxiy/newforum/auth_service/internal/repository/user_repo.go:131.76,138.16 3 1
github.com/jaxxiy/newforum/auth_service/internal/repository/user_repo.go:138.16,140.3 1 1
github.com/jaxxiy/newforum/auth_service/internal/repository/user_repo.go:142.2,143.16 2 1
github.com/jaxxiy/newforum/auth_service/internal/repository/user_repo.go:143.16,145.3 1 0
github.com/jaxxiy/newforum/auth_service/internal/repository/user_repo.go:147.2,147.23 1 1
github.com/jaxxiy/newforum/auth_service/internal/repository/user_repo.go:147.23,149.3 1 1
github.com/jaxxiy/newforum/auth_service/internal/repository/user_repo.go:151.2,151.12 1 1
github.com/jaxxiy/newforum/auth_service/internal/middleware/auth.go:11.68,12.46 1 1
github.com/jaxxiy/newforum/auth_service/internal/middleware/auth.go:12.46,13.72 1 1
github.com/jaxxiy/newforum/auth_service/internal/middleware/auth.go:13.72,15.24 2 1
github.com/jaxxiy/newforum/auth_service/internal/middleware/auth.go:15.24,18.5 2 1
github.com/jaxxiy/newforum/auth_service/internal/middleware/auth.go:20.4,22.18 3 1
github.com/jaxxiy/newforum/auth_service/internal/middleware/auth.go:22.18,25.5 2 1
github.com/jaxxiy/newforum/auth_service/internal/middleware/auth.go:27.4,28.41 2 1
github.com/jaxxiy/newforum/auth_service/internal/handlers/auth.go:19.76,23.2 1 1
github.com/jaxxiy/newforum/auth_service/internal/handlers/auth.go:36.72,37.33 1 1
github.com/jaxxiy/newforum/auth_service/internal/handlers/auth.go:37.33,40.3 2 0
github.com/jaxxiy/newforum/auth_service/internal/handlers/auth.go:42.2,43.61 2 1
github.com/jaxxiy/newforum/auth_service/internal/handlers/auth.go:43.61,46.3 2 1
github.com/jaxxiy/newforum/auth_service/internal/handlers/auth.go:48.2,49.16 2 1
github.com/jaxxiy/newforum/auth_service/internal/handlers/auth.go:49.16,52.3 2 0
github.com/jaxxiy/newforum/auth_service/internal/handlers/auth.go:54.2,56.37 3 1
github.com/jaxxiy/newforum/auth_service/internal/handlers/auth.go:70.69,71.33 1 1
github.com/jaxxiy/newforum/auth_service/internal/handlers/auth.go:71.33,74.3 2 0
github.com/jaxxiy/newforum/auth_service/internal/handlers/auth.go:76.2,77.61 2 1
github.com/jaxxiy/newforum/auth_service/internal/handlers/auth.go:77.61,80.3 2 1
github.com/jaxxiy/newforum/auth_service/internal/handlers/auth.go:82.2,83.16 2 1
github.com/jaxxiy/newforum/auth_service/internal/handlers/auth.go:83.16,86.3 2 1
github.com/jaxxiy/newforum/auth_service/internal/handlers/auth.go:88.2,89.37 2 1
github.com/jaxxiy/newforum/auth_service/internal/handlers/auth.go:101.77,103.22 2 1
github.com/jaxxiy/newforum/auth_service/internal/handlers/auth.go:103.22,106.3 2 1
github.com/jaxxiy/newforum/auth_service/internal/handlers/auth.go:108.2,109.45 2 1
github.com/jaxxiy/newforum/auth_service/internal/handlers/auth.go:109.45,112.3 2 1
github.com/jaxxiy/newforum/auth_service/internal/handlers/auth.go:114.2,116.16 3 1
github.com/jaxxiy/newforum/auth_service/internal/handlers/auth.go:116.16,119.3 2 1
github.com/jaxxiy/newforum/auth_service/internal/handlers/auth.go:121.2,122.33 2 1
github.com/jaxxiy/newforum/auth_service/internal/handlers/auth.go:125.76,126.32 1 1
github.com/jaxxiy/newforum/auth_service/internal/handlers/auth.go:126.32,129.3 2 1
github.com/jaxxiy/newforum/auth_service/internal/handlers/auth.go:130.2,131.52 2 1
github.com/jaxxiy/newforum/auth_service/internal/handlers/auth.go:134.73,135.32 1 1
github.com/jaxxiy/newforum/auth_service/internal/handlers/auth.go:135.32,138.3 2 1
github.com/jaxxiy/newforum/auth_service/internal/handlers/auth.go:139.2,140.49 2 1
github.com/jaxxiy/newforum/auth_service/internal/handlers/auth.go:143.66,147.2 3 1
github.com/jaxxiy/newforum/auth_service/internal/controllers/auth.go:22.96,26.16 3 0
github.com/jaxxiy/newforum/auth_service/internal/controllers/auth.go:26.16,28.3 1 0
github.com/jaxxiy/newforum/auth_service/internal/controllers/auth.go:30.2,34.8 1 0
github.com/jaxxiy/newforum/auth_service/internal/controllers/auth.go:37.79,38.32 1 1
github.com/jaxxiy/newforum/auth_service/internal/controllers/auth.go:38.32,43.3 4 1
github.com/jaxxiy/newforum/auth_service/internal/controllers/auth.go:45.2,46.77 2 1
github.com/jaxxiy/newforum/auth_service/internal/controllers/auth.go:46.77,51.3 4 1
github.com/jaxxiy/newforum/auth_service/internal/controllers/auth.go:54.76,55.32 1 1
github.com/jaxxiy/newforum/auth_service/internal/controllers/auth.go:55.32,60.3 4 1
github.com/jaxxiy/newforum/auth_service/internal/controllers/auth.go:62.2,63.74 2 1
github.com/jaxxiy/newforum/auth_service/internal/controllers/auth.go:63.74,68.3 4 1
github.com/jaxxiy/newforum/auth_service/internal/controllers/auth.go:71.75,72.33 1 1
github.com/jaxxiy/newforum/auth_service/internal/controllers/auth.go:72.33,77.3 4 1
github.com/jaxxiy/newforum/auth_service/internal/controllers/auth.go:79.2,80.61 2 1
github.com/jaxxiy/newforum/auth_service/internal/controllers/auth.go:80.61,85.3 4 1
github.com/jaxxiy/newforum/auth_service/internal/controllers/auth.go:88.2,88.65 1 1
github.com/jaxxiy/newforum/auth_service/internal/controllers/auth.go:88.65,93.3 4 1
github.com/jaxxiy/newforum/auth_service/internal/controllers/auth.go:95.2,96.16 2 1
github.com/jaxxiy/newforum/auth_service/internal/controllers/auth.go:96.16,101.3 4 0
github.com/jaxxiy/newforum/auth_service/internal/controllers/auth.go:103.2,109.51 2 1
github.com/jaxxiy/newforum/auth_service/internal/controllers/auth.go:109.51,114.3 4 1
github.com/jaxxiy/newforum/auth_service/internal/controllers/auth.go:116.2,118.72 3 1
github.com/jaxxiy/newforum/auth_service/internal/controllers/auth.go:121.72,122.33 1 1
github.com/jaxxiy/newforum/auth_service/internal/controllers/auth.go:122.33,127.3 4 1
github.com/jaxxiy/newforum/auth_service/internal/controllers/auth.go:129.2,130.61 2 1
github.com/jaxxiy/newforum/auth_service/internal/controllers/auth.go:130.61,135.3 4 1
github.com/jaxxiy/newforum/auth_service/internal/controllers/auth.go:138.2,138.46 1 1
github.com/jaxxiy/newforum/auth_service/internal/controllers/auth.go:138.46,143.3 4 1
github.com/jaxxiy/newforum/auth_service/internal/controllers/auth.go:145.2,146.16 2 1
github.com/jaxxiy/newforum/auth_service/internal/controllers/auth.go:146.16,151.3 4 1
github.com/jaxxiy/newforum/auth_service/internal/controllers/auth.go:153.2,153.99 1 1
github.com/jaxxiy/newforum/auth_service/internal/controllers/auth.go:153.99,158.3 4 1
github.com/jaxxiy/newforum/auth_service/internal/controllers/auth.go:160.2,161.16 2 1
github.com/jaxxiy/newforum/auth_service/internal/controllers/auth.go:161.16,166.3 4 0
github.com/jaxxiy/newforum/auth_service/internal/controllers/auth.go:168.2,177.60 4 1
github.com/jaxxiy/newforum/auth_service/internal/controllers/auth.go:177.60,181.3 3 0
github.com/jaxxiy/newforum/auth_service/internal/service/auth_service.go:26.70,31.2 1 1
github.com/jaxxiy/newforum/auth_service/internal/service/auth_service.go:33.90,34.66 1 1
github.com/jaxxiy/newforum/auth_service/internal/service/auth_service.go:34.66,36.3 1 1
github.com/jaxxiy/newforum/auth_service/internal/service/auth_service.go:38.2,38.60 1 1
github.com/jaxxiy/newforum/auth_service/internal/service/auth_service.go:38.60,40.3 1 1
github.com/jaxxiy/newforum/auth_service/internal/service/auth_service.go:42.2,43.16 2 1
github.com/jaxxiy/newforum/auth_service/internal/service/auth_service.go:43.16,45.3 1 0
github.com/jaxxiy/newforum/auth_service/internal/service/auth_service.go:47.2,57.16 3 1
github.com/jaxxiy/newforum/auth_service/internal/service/auth_service.go:57.16,59.3 1 1
github.com/jaxxiy/newforum/auth_service/internal/service/auth_service.go:60.2,63.16 3 1
github.com/jaxxiy/newforum/auth_service/internal/service/auth_service.go:63.16,65.3 1 0
github.com/jaxxiy/newforum/auth_service/internal/service/auth_service.go:67.2,70.8 1 1
github.com/jaxxiy/newforum/auth_service/internal/service/auth_service.go:73.84,75.16 2 1
github.com/jaxxiy/newforum/auth_service/internal/service/auth_service.go:75.16,76.27 1 1
github.com/jaxxiy/newforum/auth_service/internal/service/auth_service.go:76.27,78.4 1 1
github.com/jaxxiy/newforum/auth_service/internal/service/auth_service.go:79.3,79.18 1 1
github.com/jaxxiy/newforum/auth_service/internal/service/auth_service.go:82.2,83.16 2 1
github.com/jaxxiy/newforum/auth_service/internal/service/auth_service.go:83.16,85.3 1 1
github.com/jaxxiy/newforum/auth_service/internal/service/auth_service.go:87.2,88.16 2 1
github.com/jaxxiy/newforum/auth_service/internal/service/auth_service.go:88.16,90.3 1 0
github.com/jaxxiy/newforum/auth_service/internal/service/auth_service.go:92.2,95.8 1 1
github.com/jaxxiy/newforum/auth_service/internal/service/auth_service.go:98.79,99.83 1 1
github.com/jaxxiy/newforum/auth_service/internal/service/auth_service.go:99.83,101.3 1 1
github.com/jaxxiy/newforum/auth_service/internal/service/auth_service.go:103.2,103.16 1 1
github.com/jaxxiy/newforum/auth_service/internal/service/auth_service.go:103.16,105.3 1 1
github.com/jaxxiy/newforum/auth_service/internal/service/auth_service.go:107.2,107.67 1 1
github.com/jaxxiy/newforum/auth_service/internal/service/auth_service.go:107.67,110.3 2 1
github.com/jaxxiy/newforum/auth_service/internal/service/auth_service.go:112.2,112.41 1 0
github.com/jaxxiy/newforum/auth_service/internal/service/auth_service.go:115.71,123.2 2 1
github.com/jaxxiy/newforum/auth_service/internal/service/auth_service.go:125.69,127.2 1 1
